0 verbose cli [ '/usr/bin/node', '/usr/bin/npm', 'install' ]
1 info using npm@8.5.5
2 info using node@v16.15.0
3 timing npm:load:whichnode Completed in 1ms
4 timing config:load:defaults Completed in 8ms
5 timing config:load:file:/usr/lib/node_modules/npm/npmrc Completed in 3ms
6 timing config:load:builtin Completed in 4ms
7 timing config:load:cli Completed in 6ms
8 timing config:load:env Completed in 1ms
9 timing config:load:project Completed in 29ms
10 timing config:load:file:/var/www/.npmrc Completed in 0ms
11 timing config:load:user Completed in 2ms
12 timing config:load:file:/usr/etc/npmrc Completed in 0ms
13 timing config:load:global Completed in 2ms
14 timing config:load:validate Completed in 0ms
15 timing config:load:credentials Completed in 4ms
16 timing config:load:setEnvs Completed in 3ms
17 timing config:load Completed in 62ms
18 timing npm:load:configload Completed in 64ms
19 timing npm:load:setTitle Completed in 1ms
20 timing config:load:flatten Completed in 10ms
21 timing npm:load:display Completed in 16ms
22 verbose logfile /var/www/.npm/_logs/2022-07-06T13_29_07_944Z-debug-0.log
23 timing npm:load:logFile Completed in 18ms
24 timing npm:load:timers Completed in 0ms
25 timing npm:load:configScope Completed in 0ms
26 timing npm:load Completed in 103ms
27 timing arborist:ctor Completed in 3ms
28 timing arborist:ctor Completed in 1ms
29 timing idealTree:init Completed in 44ms
30 timing idealTree:userRequests Completed in 1ms
31 silly idealTree buildDeps
32 silly fetch manifest @tailwindcss/forms@^0.5.2
33 http fetch GET 200 https://registry.npmjs.org/@tailwindcss%2fforms 1498ms (cache miss)
34 silly fetch manifest tailwindcss@^3.1.0
35 http fetch GET 200 https://registry.npmjs.org/npm 2664ms (cache miss)
36 http fetch GET 200 https://registry.npmjs.org/tailwindcss 4218ms (cache miss)
37 silly fetch manifest alpinejs@^3.4.2
38 http fetch GET 200 https://registry.npmjs.org/alpinejs 1227ms (cache miss)
39 silly fetch manifest autoprefixer@^10.4.2
40 http fetch GET 200 https://registry.npmjs.org/autoprefixer 298ms (cache miss)
41 silly fetch manifest postcss@^8.4.6
42 http fetch GET 200 https://registry.npmjs.org/postcss 352ms (cache miss)
43 silly fetch manifest axios@^0.25
44 http fetch GET 200 https://registry.npmjs.org/axios 94ms (cache miss)
45 silly fetch manifest laravel-vite-plugin@^0.2.1
46 http fetch GET 200 https://registry.npmjs.org/laravel-vite-plugin 1169ms (cache miss)
47 silly fetch manifest vite@^2.9.11
48 http fetch GET 200 https://registry.npmjs.org/vite 1349ms (cache miss)
49 silly fetch manifest less@*
50 http fetch GET 200 https://registry.npmjs.org/less 1332ms (cache miss)
51 silly fetch manifest sass@*
52 http fetch GET 200 https://registry.npmjs.org/sass 281ms (cache miss)
53 silly fetch manifest stylus@*
54 http fetch GET 200 https://registry.npmjs.org/stylus 167ms (cache miss)
55 silly fetch manifest lodash@^4.17.19
56 http fetch GET 200 https://registry.npmjs.org/lodash 77ms (cache miss)
57 silly placeDep ROOT @tailwindcss/forms@0.5.2 OK for:  want: ^0.5.2
58 silly placeDep ROOT tailwindcss@3.1.4 OK for: @tailwindcss/forms@0.5.2 want: >=3.0.0 || >= 3.0.0-alpha.1
59 silly placeDep ROOT alpinejs@3.10.2 OK for:  want: ^3.4.2
60 silly placeDep ROOT autoprefixer@10.4.7 OK for:  want: ^10.4.2
61 silly placeDep ROOT postcss@8.4.14 OK for: autoprefixer@10.4.7 want: ^8.1.0
62 silly placeDep ROOT axios@0.25.0 OK for:  want: ^0.25
63 silly placeDep ROOT laravel-vite-plugin@0.2.4 OK for:  want: ^0.2.1
64 silly placeDep ROOT vite@2.9.13 OK for: laravel-vite-plugin@0.2.4 want: ^2.9.9
65 silly placeDep ROOT lodash@4.17.21 OK for:  want: ^4.17.19
66 silly fetch manifest mini-svg-data-uri@^1.2.3
67 silly fetch manifest arg@^5.0.2
68 silly fetch manifest chokidar@^3.5.3
69 silly fetch manifest color-name@^1.1.4
70 silly fetch manifest detective@^5.2.1
71 silly fetch manifest didyoumean@^1.2.2
72 silly fetch manifest dlv@^1.1.3
73 silly fetch manifest fast-glob@^3.2.11
74 silly fetch manifest glob-parent@^6.0.2
75 silly fetch manifest is-glob@^4.0.3
76 silly fetch manifest lilconfig@^2.0.5
77 silly fetch manifest normalize-path@^3.0.0
78 silly fetch manifest object-hash@^3.0.0
79 silly fetch manifest picocolors@^1.0.0
80 silly fetch manifest postcss-import@^14.1.0
81 silly fetch manifest postcss-js@^4.0.0
82 silly fetch manifest postcss-load-config@^3.1.4
83 silly fetch manifest postcss-nested@5.0.6
84 silly fetch manifest postcss-selector-parser@^6.0.10
85 silly fetch manifest postcss-value-parser@^4.2.0
86 silly fetch manifest quick-lru@^5.1.1
87 silly fetch manifest resolve@^1.22.0
88 silly fetch manifest @vue/reactivity@~3.1.1
89 silly fetch manifest browserslist@^4.20.3
90 silly fetch manifest caniuse-lite@^1.0.30001335
91 silly fetch manifest fraction.js@^4.2.0
92 silly fetch manifest normalize-range@^0.1.2
93 silly fetch manifest nanoid@^3.3.4
94 silly fetch manifest source-map-js@^1.0.2
95 silly fetch manifest follow-redirects@^1.14.7
96 silly fetch manifest esbuild@^0.14.27
97 silly fetch manifest rollup@^2.59.0
98 silly fetch manifest fsevents@~2.3.2
99 http fetch GET 200 https://registry.npmjs.org/mini-svg-data-uri 325ms (cache miss)
100 http fetch GET 200 https://registry.npmjs.org/arg 331ms (cache miss)
101 http fetch GET 200 https://registry.npmjs.org/postcss-load-config 417ms (cache miss)
102 http fetch GET 200 https://registry.npmjs.org/didyoumean 450ms (cache miss)
103 http fetch GET 200 https://registry.npmjs.org/detective 454ms (cache miss)
104 http fetch GET 200 https://registry.npmjs.org/postcss-js 432ms (cache miss)
105 http fetch GET 200 https://registry.npmjs.org/dlv 461ms (cache miss)
106 http fetch GET 200 https://registry.npmjs.org/postcss-nested 485ms (cache miss)
107 http fetch GET 200 https://registry.npmjs.org/postcss-value-parser 504ms (cache miss)
108 http fetch GET 200 https://registry.npmjs.org/postcss-import 579ms (cache miss)
109 http fetch GET 200 https://registry.npmjs.org/normalize-path 686ms (cache miss)
110 http fetch GET 200 https://registry.npmjs.org/resolve 969ms (cache miss)
111 http fetch GET 200 https://registry.npmjs.org/normalize-range 1003ms (cache miss)
112 http fetch GET 200 https://registry.npmjs.org/picocolors 1089ms (cache miss)
113 http fetch GET 200 https://registry.npmjs.org/source-map-js 1302ms (cache miss)
114 http fetch GET 200 https://registry.npmjs.org/browserslist 1662ms (cache miss)
115 http fetch GET 200 https://registry.npmjs.org/nanoid 1702ms (cache miss)
116 http fetch GET 200 https://registry.npmjs.org/chokidar 2268ms (cache miss)
117 http fetch GET 200 https://registry.npmjs.org/fast-glob 2540ms (cache miss)
118 http fetch GET 200 https://registry.npmjs.org/postcss-selector-parser 2557ms (cache miss)
119 http fetch GET 200 https://registry.npmjs.org/follow-redirects 2776ms (cache miss)
120 http fetch GET 200 https://registry.npmjs.org/@vue%2freactivity 3009ms (cache miss)
121 http fetch GET 200 https://registry.npmjs.org/fsevents 3071ms (cache miss)
122 http fetch GET 200 https://registry.npmjs.org/caniuse-lite 3552ms (cache miss)
123 http fetch GET 200 https://registry.npmjs.org/quick-lru 3702ms (cache miss)
124 http fetch GET 200 https://registry.npmjs.org/object-hash 3736ms (cache miss)
125 http fetch GET 200 https://registry.npmjs.org/lilconfig 3754ms (cache miss)
126 http fetch GET 200 https://registry.npmjs.org/is-glob 3856ms (cache miss)
127 http fetch GET 200 https://registry.npmjs.org/color-name 3892ms (cache miss)
128 http fetch GET 200 https://registry.npmjs.org/esbuild 3825ms (cache miss)
129 http fetch GET 200 https://registry.npmjs.org/fraction.js 4190ms (cache miss)
130 http fetch GET 200 https://registry.npmjs.org/glob-parent 4362ms (cache miss)
131 http fetch GET 200 https://registry.npmjs.org/rollup 6916ms (cache miss)
132 timing idealTree:#root Completed in 19555ms
133 silly placeDep ROOT mini-svg-data-uri@1.4.4 OK for: @tailwindcss/forms@0.5.2 want: ^1.2.3
134 timing idealTree:node_modules/@tailwindcss/forms Completed in 21ms
135 silly placeDep ROOT @vue/reactivity@3.1.5 OK for: alpinejs@3.10.2 want: ~3.1.1
136 silly fetch manifest @vue/shared@3.1.5
137 http fetch GET 200 https://registry.npmjs.org/@vue%2fshared 653ms (cache miss)
138 timing idealTree:node_modules/alpinejs Completed in 679ms
139 silly placeDep ROOT @vue/shared@3.1.5 OK for: @vue/reactivity@3.1.5 want: 3.1.5
140 timing idealTree:node_modules/@vue/reactivity Completed in 6ms
141 timing idealTree:node_modules/@vue/shared Completed in 0ms
142 silly placeDep ROOT browserslist@4.21.1 OK for: autoprefixer@10.4.7 want: ^4.20.3
143 silly placeDep ROOT caniuse-lite@1.0.30001363 OK for: autoprefixer@10.4.7 want: ^1.0.30001335
144 silly placeDep ROOT fraction.js@4.2.0 OK for: autoprefixer@10.4.7 want: ^4.2.0
145 silly placeDep ROOT normalize-range@0.1.2 OK for: autoprefixer@10.4.7 want: ^0.1.2
146 silly placeDep ROOT picocolors@1.0.0 OK for: autoprefixer@10.4.7 want: ^1.0.0
147 silly placeDep ROOT postcss-value-parser@4.2.0 OK for: autoprefixer@10.4.7 want: ^4.2.0
148 silly fetch manifest electron-to-chromium@^1.4.172
149 silly fetch manifest node-releases@^2.0.5
150 silly fetch manifest update-browserslist-db@^1.0.4
151 http fetch GET 200 https://registry.npmjs.org/update-browserslist-db 71ms (cache miss)
152 http fetch GET 200 https://registry.npmjs.org/electron-to-chromium 2483ms (cache miss)
153 http fetch GET 200 https://registry.npmjs.org/node-releases 14520ms (cache miss)
154 timing idealTree:node_modules/autoprefixer Completed in 14559ms
155 silly placeDep ROOT follow-redirects@1.15.1 OK for: axios@0.25.0 want: ^1.14.7
156 timing idealTree:node_modules/axios Completed in 5ms
157 silly fetch manifest browserslist@>= 4.21.0
158 silly placeDep ROOT electron-to-chromium@1.4.180 OK for: browserslist@4.21.1 want: ^1.4.172
159 silly placeDep ROOT node-releases@2.0.5 OK for: browserslist@4.21.1 want: ^2.0.5
160 silly placeDep ROOT update-browserslist-db@1.0.4 OK for: browserslist@4.21.1 want: ^1.0.4
161 silly fetch manifest escalade@^3.1.1
162 http fetch GET 200 https://registry.npmjs.org/escalade 521ms (cache miss)
163 timing idealTree:node_modules/browserslist Completed in 544ms
164 timing idealTree:node_modules/caniuse-lite Completed in 0ms
165 timing idealTree:node_modules/electron-to-chromium Completed in 0ms
166 timing idealTree:node_modules/follow-redirects Completed in 0ms
167 timing idealTree:node_modules/fraction.js Completed in 0ms
168 timing idealTree:node_modules/laravel-vite-plugin Completed in 1ms
169 timing idealTree:node_modules/lodash Completed in 0ms
170 timing idealTree:node_modules/mini-svg-data-uri Completed in 0ms
171 timing idealTree:node_modules/node-releases Completed in 0ms
172 timing idealTree:node_modules/normalize-range Completed in 0ms
173 timing idealTree:node_modules/picocolors Completed in 0ms
174 silly placeDep ROOT nanoid@3.3.4 OK for: postcss@8.4.14 want: ^3.3.4
175 silly placeDep ROOT source-map-js@1.0.2 OK for: postcss@8.4.14 want: ^1.0.2
176 timing idealTree:node_modules/postcss Completed in 12ms
177 timing idealTree:node_modules/nanoid Completed in 0ms
178 timing idealTree:node_modules/postcss-value-parser Completed in 0ms
179 timing idealTree:node_modules/source-map-js Completed in 0ms
180 silly fetch manifest postcss@^8.4.14
181 silly fetch manifest ts-node@>=9.0.0
182 http fetch GET 200 https://registry.npmjs.org/ts-node 643ms (cache miss)
183 silly fetch manifest @swc/core@>=1.2.50
184 http fetch GET 200 https://registry.npmjs.org/@swc%2fcore 1009ms (cache miss)
185 silly fetch manifest @swc/wasm@>=1.2.50
186 http fetch GET 200 https://registry.npmjs.org/@swc%2fwasm 237ms (cache miss)
187 silly fetch manifest @types/node@*
188 http fetch GET 200 https://registry.npmjs.org/@types%2fnode 2130ms (cache miss)
189 silly fetch manifest typescript@>=2.7
190 http fetch GET 200 https://registry.npmjs.org/typescript 6891ms (cache miss)
191 silly placeDep ROOT arg@5.0.2 OK for: tailwindcss@3.1.4 want: ^5.0.2
192 silly placeDep ROOT chokidar@3.5.3 OK for: tailwindcss@3.1.4 want: ^3.5.3
193 silly placeDep ROOT color-name@1.1.4 OK for: tailwindcss@3.1.4 want: ^1.1.4
194 silly placeDep ROOT detective@5.2.1 OK for: tailwindcss@3.1.4 want: ^5.2.1
195 silly placeDep ROOT didyoumean@1.2.2 OK for: tailwindcss@3.1.4 want: ^1.2.2
196 silly placeDep ROOT dlv@1.1.3 OK for: tailwindcss@3.1.4 want: ^1.1.3
197 silly placeDep ROOT fast-glob@3.2.11 OK for: tailwindcss@3.1.4 want: ^3.2.11
198 silly placeDep ROOT glob-parent@6.0.2 OK for: tailwindcss@3.1.4 want: ^6.0.2
199 silly placeDep ROOT is-glob@4.0.3 OK for: tailwindcss@3.1.4 want: ^4.0.3
200 silly placeDep ROOT lilconfig@2.0.5 OK for: tailwindcss@3.1.4 want: ^2.0.5
201 silly placeDep ROOT normalize-path@3.0.0 OK for: tailwindcss@3.1.4 want: ^3.0.0
202 silly placeDep ROOT object-hash@3.0.0 OK for: tailwindcss@3.1.4 want: ^3.0.0
203 silly placeDep ROOT postcss-import@14.1.0 OK for: tailwindcss@3.1.4 want: ^14.1.0
204 silly placeDep ROOT postcss-js@4.0.0 OK for: tailwindcss@3.1.4 want: ^4.0.0
205 silly placeDep ROOT postcss-load-config@3.1.4 OK for: tailwindcss@3.1.4 want: ^3.1.4
206 silly placeDep ROOT postcss-nested@5.0.6 OK for: tailwindcss@3.1.4 want: 5.0.6
207 silly placeDep ROOT postcss-selector-parser@6.0.10 OK for: tailwindcss@3.1.4 want: ^6.0.10
208 silly placeDep ROOT quick-lru@5.1.1 OK for: tailwindcss@3.1.4 want: ^5.1.1
209 silly placeDep ROOT resolve@1.22.1 OK for: tailwindcss@3.1.4 want: ^1.22.0
210 silly fetch manifest anymatch@~3.1.2
211 silly fetch manifest braces@~3.0.2
212 silly fetch manifest glob-parent@~5.1.2
213 silly fetch manifest is-binary-path@~2.1.0
214 silly fetch manifest readdirp@~3.6.0
215 silly fetch manifest acorn-node@^1.8.2
216 silly fetch manifest defined@^1.0.0
217 silly fetch manifest minimist@^1.2.6
218 silly fetch manifest @nodelib/fs.stat@^2.0.2
219 silly fetch manifest @nodelib/fs.walk@^1.2.3
220 silly fetch manifest glob-parent@^5.1.2
221 silly fetch manifest merge2@^1.3.0
222 silly fetch manifest micromatch@^4.0.4
223 silly fetch manifest is-extglob@^2.1.1
224 silly fetch manifest read-cache@^1.0.0
225 silly fetch manifest camelcase-css@^2.0.1
226 silly fetch manifest yaml@^1.10.2
227 silly fetch manifest cssesc@^3.0.0
228 silly fetch manifest util-deprecate@^1.0.2
229 silly fetch manifest is-core-module@^2.9.0
230 silly fetch manifest path-parse@^1.0.7
231 silly fetch manifest supports-preserve-symlinks-flag@^1.0.0
232 http fetch GET 200 https://registry.npmjs.org/anymatch 831ms (cache miss)
233 http fetch GET 200 https://registry.npmjs.org/cssesc 769ms (cache miss)
234 http fetch GET 200 https://registry.npmjs.org/acorn-node 825ms (cache miss)
235 http fetch GET 200 https://registry.npmjs.org/merge2 808ms (cache miss)
236 http fetch GET 200 https://registry.npmjs.org/read-cache 798ms (cache miss)
237 http fetch GET 200 https://registry.npmjs.org/@nodelib%2ffs.walk 825ms (cache miss)
238 http fetch GET 200 https://registry.npmjs.org/path-parse 789ms (cache miss)
239 http fetch GET 200 https://registry.npmjs.org/is-binary-path 873ms (cache miss)
240 http fetch GET 200 https://registry.npmjs.org/readdirp 871ms (cache miss)
241 http fetch GET 200 https://registry.npmjs.org/util-deprecate 813ms (cache miss)
242 http fetch GET 200 https://registry.npmjs.org/is-extglob 842ms (cache miss)
243 http fetch GET 200 https://registry.npmjs.org/camelcase-css 835ms (cache miss)
244 http fetch GET 200 https://registry.npmjs.org/minimist 879ms (cache miss)
245 http fetch GET 200 https://registry.npmjs.org/supports-preserve-symlinks-flag 820ms (cache miss)
246 http fetch GET 200 https://registry.npmjs.org/is-core-module 838ms (cache miss)
247 http fetch GET 200 https://registry.npmjs.org/@nodelib%2ffs.stat 890ms (cache miss)
248 http fetch GET 200 https://registry.npmjs.org/defined 904ms (cache miss)
249 http fetch GET 200 https://registry.npmjs.org/braces 925ms (cache miss)
250 http fetch GET 200 https://registry.npmjs.org/yaml 871ms (cache miss)
251 http fetch GET 200 https://registry.npmjs.org/micromatch 915ms (cache miss)
252 timing idealTree:node_modules/tailwindcss Completed in 12398ms
253 timing idealTree:node_modules/arg Completed in 0ms
254 silly placeDep ROOT anymatch@3.1.2 OK for: chokidar@3.5.3 want: ~3.1.2
255 silly placeDep ROOT braces@3.0.2 OK for: chokidar@3.5.3 want: ~3.0.2
256 silly placeDep ROOT fsevents@2.3.2 OK for: chokidar@3.5.3 want: ~2.3.2
257 silly placeDep node_modules/chokidar glob-parent@5.1.2 OK for: chokidar@3.5.3 want: ~5.1.2
258 silly placeDep ROOT is-binary-path@2.1.0 OK for: chokidar@3.5.3 want: ~2.1.0
259 silly placeDep ROOT readdirp@3.6.0 OK for: chokidar@3.5.3 want: ~3.6.0
260 silly fetch manifest picomatch@^2.0.4
261 silly fetch manifest fill-range@^7.0.1
262 silly fetch manifest binary-extensions@^2.0.0
263 silly fetch manifest picomatch@^2.2.1
264 http fetch GET 200 https://registry.npmjs.org/fill-range 117ms (cache miss)
265 http fetch GET 200 https://registry.npmjs.org/picomatch 130ms (cache miss)
266 http fetch GET 200 https://registry.npmjs.org/binary-extensions 127ms (cache miss)
267 timing idealTree:node_modules/chokidar Completed in 182ms
268 silly placeDep ROOT picomatch@2.3.1 OK for: anymatch@3.1.2 want: ^2.0.4
269 timing idealTree:node_modules/anymatch Completed in 6ms
270 silly placeDep ROOT fill-range@7.0.1 OK for: braces@3.0.2 want: ^7.0.1
271 silly fetch manifest to-regex-range@^5.0.1
272 http fetch GET 200 https://registry.npmjs.org/to-regex-range 69ms (cache miss)
273 timing idealTree:node_modules/braces Completed in 80ms
274 timing idealTree:node_modules/color-name Completed in 0ms
275 silly placeDep ROOT acorn-node@1.8.2 OK for: detective@5.2.1 want: ^1.8.2
276 silly placeDep ROOT defined@1.0.0 OK for: detective@5.2.1 want: ^1.0.0
277 silly placeDep ROOT minimist@1.2.6 OK for: detective@5.2.1 want: ^1.2.6
278 silly fetch manifest acorn@^7.0.0
279 silly fetch manifest acorn-walk@^7.0.0
280 silly fetch manifest xtend@^4.0.2
281 http fetch GET 200 https://registry.npmjs.org/xtend 78ms (cache miss)
282 http fetch GET 200 https://registry.npmjs.org/acorn-walk 84ms (cache miss)
283 http fetch GET 200 https://registry.npmjs.org/acorn 241ms (cache miss)
284 timing idealTree:node_modules/detective Completed in 280ms
285 silly placeDep ROOT acorn@7.4.1 OK for: acorn-node@1.8.2 want: ^7.0.0
286 silly placeDep ROOT acorn-walk@7.2.0 OK for: acorn-node@1.8.2 want: ^7.0.0
287 silly placeDep ROOT xtend@4.0.2 OK for: acorn-node@1.8.2 want: ^4.0.2
288 timing idealTree:node_modules/acorn-node Completed in 15ms
289 timing idealTree:node_modules/acorn Completed in 0ms
290 timing idealTree:node_modules/acorn-walk Completed in 0ms
291 timing idealTree:node_modules/defined Completed in 0ms
292 timing idealTree:node_modules/didyoumean Completed in 0ms
293 timing idealTree:node_modules/dlv Completed in 0ms
294 silly placeDep ROOT @nodelib/fs.stat@2.0.5 OK for: fast-glob@3.2.11 want: ^2.0.2
295 silly placeDep ROOT @nodelib/fs.walk@1.2.8 OK for: fast-glob@3.2.11 want: ^1.2.3
296 silly placeDep node_modules/fast-glob glob-parent@5.1.2 OK for: fast-glob@3.2.11 want: ^5.1.2
297 silly placeDep ROOT merge2@1.4.1 OK for: fast-glob@3.2.11 want: ^1.3.0
298 silly placeDep ROOT micromatch@4.0.5 OK for: fast-glob@3.2.11 want: ^4.0.4
299 silly fetch manifest @nodelib/fs.scandir@2.1.5
300 silly fetch manifest fastq@^1.6.0
301 http fetch GET 200 https://registry.npmjs.org/fastq 139ms (cache miss)
302 http fetch GET 200 https://registry.npmjs.org/@nodelib%2ffs.scandir 261ms (cache miss)
303 timing idealTree:node_modules/fast-glob Completed in 297ms
304 timing idealTree:node_modules/@nodelib/fs.stat Completed in 1ms
305 silly placeDep ROOT @nodelib/fs.scandir@2.1.5 OK for: @nodelib/fs.walk@1.2.8 want: 2.1.5
306 silly placeDep ROOT fastq@1.13.0 OK for: @nodelib/fs.walk@1.2.8 want: ^1.6.0
307 silly fetch manifest run-parallel@^1.1.9
308 silly fetch manifest reusify@^1.0.4
309 http fetch GET 200 https://registry.npmjs.org/run-parallel 112ms (cache miss)
310 http fetch GET 200 https://registry.npmjs.org/reusify 116ms (cache miss)
311 timing idealTree:node_modules/@nodelib/fs.walk Completed in 139ms
312 silly placeDep ROOT run-parallel@1.2.0 OK for: @nodelib/fs.scandir@2.1.5 want: ^1.1.9
313 silly fetch manifest queue-microtask@^1.2.2
314 http fetch GET 200 https://registry.npmjs.org/queue-microtask 65ms (cache miss)
315 timing idealTree:node_modules/@nodelib/fs.scandir Completed in 79ms
316 silly placeDep ROOT reusify@1.0.4 OK for: fastq@1.13.0 want: ^1.0.4
317 timing idealTree:node_modules/fastq Completed in 10ms
318 silly placeDep ROOT to-regex-range@5.0.1 OK for: fill-range@7.0.1 want: ^5.0.1
319 silly fetch manifest is-number@^7.0.0
320 http fetch GET 200 https://registry.npmjs.org/is-number 75ms (cache miss)
321 timing idealTree:node_modules/fill-range Completed in 93ms
322 timing idealTree:node_modules/fsevents Completed in 0ms
323 timing idealTree:node_modules/glob-parent Completed in 0ms
324 silly placeDep ROOT binary-extensions@2.2.0 OK for: is-binary-path@2.1.0 want: ^2.0.0
325 timing idealTree:node_modules/is-binary-path Completed in 6ms
326 timing idealTree:node_modules/binary-extensions Completed in 0ms
327 silly placeDep ROOT is-extglob@2.1.1 OK for: is-glob@4.0.3 want: ^2.1.1
328 timing idealTree:node_modules/is-glob Completed in 5ms
329 timing idealTree:node_modules/is-extglob Completed in 1ms
330 timing idealTree:node_modules/lilconfig Completed in 0ms
331 timing idealTree:node_modules/merge2 Completed in 0ms
332 timing idealTree:node_modules/micromatch Completed in 0ms
333 timing idealTree:node_modules/minimist Completed in 0ms
334 timing idealTree:node_modules/normalize-path Completed in 0ms
335 timing idealTree:node_modules/object-hash Completed in 0ms
336 timing idealTree:node_modules/picomatch Completed in 1ms
337 silly placeDep ROOT read-cache@1.0.0 OK for: postcss-import@14.1.0 want: ^1.0.0
338 silly fetch manifest pify@^2.3.0
339 http fetch GET 200 https://registry.npmjs.org/pify 64ms (cache miss)
340 timing idealTree:node_modules/postcss-import Completed in 78ms
341 silly placeDep ROOT camelcase-css@2.0.1 OK for: postcss-js@4.0.0 want: ^2.0.1
342 timing idealTree:node_modules/postcss-js Completed in 8ms
343 timing idealTree:node_modules/camelcase-css Completed in 0ms
344 silly placeDep ROOT yaml@1.10.2 OK for: postcss-load-config@3.1.4 want: ^1.10.2
345 timing idealTree:node_modules/postcss-load-config Completed in 8ms
346 timing idealTree:node_modules/postcss-nested Completed in 0ms
347 silly placeDep ROOT cssesc@3.0.0 OK for: postcss-selector-parser@6.0.10 want: ^3.0.0
348 silly placeDep ROOT util-deprecate@1.0.2 OK for: postcss-selector-parser@6.0.10 want: ^1.0.2
349 timing idealTree:node_modules/postcss-selector-parser Completed in 17ms
350 timing idealTree:node_modules/cssesc Completed in 0ms
351 timing idealTree:node_modules/quick-lru Completed in 0ms
352 silly placeDep ROOT pify@2.3.0 OK for: read-cache@1.0.0 want: ^2.3.0
353 timing idealTree:node_modules/read-cache Completed in 13ms
354 timing idealTree:node_modules/pify Completed in 0ms
355 timing idealTree:node_modules/readdirp Completed in 1ms
356 silly placeDep ROOT is-core-module@2.9.0 OK for: resolve@1.22.1 want: ^2.9.0
357 silly placeDep ROOT path-parse@1.0.7 OK for: resolve@1.22.1 want: ^1.0.7
358 silly placeDep ROOT supports-preserve-symlinks-flag@1.0.0 OK for: resolve@1.22.1 want: ^1.0.0
359 silly fetch manifest has@^1.0.3
360 http fetch GET 200 https://registry.npmjs.org/has 115ms (cache miss)
361 timing idealTree:node_modules/resolve Completed in 139ms
362 silly placeDep ROOT has@1.0.3 OK for: is-core-module@2.9.0 want: ^1.0.3
363 silly fetch manifest function-bind@^1.1.1
364 http fetch GET 200 https://registry.npmjs.org/function-bind 115ms (cache miss)
365 timing idealTree:node_modules/is-core-module Completed in 130ms
366 silly placeDep ROOT function-bind@1.1.1 OK for: has@1.0.3 want: ^1.1.1
367 timing idealTree:node_modules/has Completed in 13ms
368 timing idealTree:node_modules/function-bind Completed in 0ms
369 timing idealTree:node_modules/path-parse Completed in 0ms
370 timing idealTree:node_modules/reusify Completed in 0ms
371 silly placeDep ROOT queue-microtask@1.2.3 OK for: run-parallel@1.2.0 want: ^1.2.2
372 timing idealTree:node_modules/run-parallel Completed in 5ms
373 timing idealTree:node_modules/queue-microtask Completed in 0ms
374 timing idealTree:node_modules/supports-preserve-symlinks-flag Completed in 0ms
375 silly placeDep ROOT is-number@7.0.0 OK for: to-regex-range@5.0.1 want: ^7.0.0
376 timing idealTree:node_modules/to-regex-range Completed in 4ms
377 timing idealTree:node_modules/is-number Completed in 0ms
378 silly placeDep ROOT escalade@3.1.1 OK for: update-browserslist-db@1.0.4 want: ^3.1.1
379 timing idealTree:node_modules/update-browserslist-db Completed in 9ms
380 timing idealTree:node_modules/escalade Completed in 0ms
381 timing idealTree:node_modules/util-deprecate Completed in 0ms
382 silly placeDep ROOT esbuild@0.14.48 OK for: vite@2.9.13 want: ^0.14.27
383 silly placeDep ROOT rollup@2.75.7 OK for: vite@2.9.13 want: ^2.59.0
384 silly fetch manifest esbuild-android-64@0.14.48
385 silly fetch manifest esbuild-android-arm64@0.14.48
386 silly fetch manifest esbuild-darwin-64@0.14.48
387 silly fetch manifest esbuild-darwin-arm64@0.14.48
388 silly fetch manifest esbuild-freebsd-64@0.14.48
389 silly fetch manifest esbuild-freebsd-arm64@0.14.48
390 silly fetch manifest esbuild-linux-32@0.14.48
391 silly fetch manifest esbuild-linux-64@0.14.48
392 silly fetch manifest esbuild-linux-arm@0.14.48
393 silly fetch manifest esbuild-linux-arm64@0.14.48
394 silly fetch manifest esbuild-linux-mips64le@0.14.48
395 silly fetch manifest esbuild-linux-ppc64le@0.14.48
396 silly fetch manifest esbuild-linux-riscv64@0.14.48
397 silly fetch manifest esbuild-linux-s390x@0.14.48
398 silly fetch manifest esbuild-netbsd-64@0.14.48
399 silly fetch manifest esbuild-openbsd-64@0.14.48
400 silly fetch manifest esbuild-sunos-64@0.14.48
401 silly fetch manifest esbuild-windows-32@0.14.48
402 silly fetch manifest esbuild-windows-64@0.14.48
403 silly fetch manifest esbuild-windows-arm64@0.14.48
404 http fetch GET 200 https://registry.npmjs.org/esbuild-linux-riscv64 632ms (cache miss)
405 http fetch GET 200 https://registry.npmjs.org/esbuild-linux-arm 1273ms (cache miss)
406 http fetch GET 200 https://registry.npmjs.org/esbuild-openbsd-64 1626ms (cache miss)
407 http fetch GET 200 https://registry.npmjs.org/esbuild-sunos-64 1908ms (cache miss)
408 http fetch GET 200 https://registry.npmjs.org/esbuild-android-arm64 2096ms (cache miss)
409 http fetch GET 200 https://registry.npmjs.org/esbuild-darwin-64 3260ms (cache miss)
410 http fetch GET 200 https://registry.npmjs.org/esbuild-linux-arm64 3308ms (cache miss)
411 http fetch GET 200 https://registry.npmjs.org/esbuild-windows-arm64 3710ms (cache miss)
412 http fetch GET 200 https://registry.npmjs.org/esbuild-windows-32 4133ms (cache miss)
413 http fetch GET 200 https://registry.npmjs.org/esbuild-darwin-arm64 4225ms (cache miss)
414 http fetch GET 200 https://registry.npmjs.org/esbuild-linux-32 4328ms (cache miss)
415 http fetch GET 200 https://registry.npmjs.org/esbuild-windows-64 4799ms (cache miss)
416 http fetch GET 200 https://registry.npmjs.org/esbuild-freebsd-64 5048ms (cache miss)
417 http fetch GET 200 https://registry.npmjs.org/esbuild-linux-64 6214ms (cache miss)
418 http fetch GET 200 https://registry.npmjs.org/esbuild-linux-ppc64le 6644ms (cache miss)
419 http fetch GET 200 https://registry.npmjs.org/esbuild-freebsd-arm64 7265ms (cache miss)
420 http fetch GET 200 https://registry.npmjs.org/esbuild-android-64 7326ms (cache miss)
421 http fetch GET 200 https://registry.npmjs.org/esbuild-netbsd-64 7311ms (cache miss)
422 http fetch GET 200 https://registry.npmjs.org/esbuild-linux-mips64le 14384ms (cache miss)
423 http fetch GET 200 https://registry.npmjs.org/esbuild-linux-s390x 23922ms (cache miss)
424 timing idealTree:node_modules/vite Completed in 23991ms
425 silly placeDep ROOT esbuild-android-64@0.14.48 OK for: esbuild@0.14.48 want: 0.14.48
426 silly placeDep ROOT esbuild-android-arm64@0.14.48 OK for: esbuild@0.14.48 want: 0.14.48
427 silly placeDep ROOT esbuild-darwin-64@0.14.48 OK for: esbuild@0.14.48 want: 0.14.48
428 silly placeDep ROOT esbuild-darwin-arm64@0.14.48 OK for: esbuild@0.14.48 want: 0.14.48
429 silly placeDep ROOT esbuild-freebsd-64@0.14.48 OK for: esbuild@0.14.48 want: 0.14.48
430 silly placeDep ROOT esbuild-freebsd-arm64@0.14.48 OK for: esbuild@0.14.48 want: 0.14.48
431 silly placeDep ROOT esbuild-linux-32@0.14.48 OK for: esbuild@0.14.48 want: 0.14.48
432 silly placeDep ROOT esbuild-linux-64@0.14.48 OK for: esbuild@0.14.48 want: 0.14.48
433 silly placeDep ROOT esbuild-linux-arm@0.14.48 OK for: esbuild@0.14.48 want: 0.14.48
434 silly placeDep ROOT esbuild-linux-arm64@0.14.48 OK for: esbuild@0.14.48 want: 0.14.48
435 silly placeDep ROOT esbuild-linux-mips64le@0.14.48 OK for: esbuild@0.14.48 want: 0.14.48
436 silly placeDep ROOT esbuild-linux-ppc64le@0.14.48 OK for: esbuild@0.14.48 want: 0.14.48
437 silly placeDep ROOT esbuild-linux-riscv64@0.14.48 OK for: esbuild@0.14.48 want: 0.14.48
438 silly placeDep ROOT esbuild-linux-s390x@0.14.48 OK for: esbuild@0.14.48 want: 0.14.48
439 silly placeDep ROOT esbuild-netbsd-64@0.14.48 OK for: esbuild@0.14.48 want: 0.14.48
440 silly placeDep ROOT esbuild-openbsd-64@0.14.48 OK for: esbuild@0.14.48 want: 0.14.48
441 silly placeDep ROOT esbuild-sunos-64@0.14.48 OK for: esbuild@0.14.48 want: 0.14.48
442 silly placeDep ROOT esbuild-windows-32@0.14.48 OK for: esbuild@0.14.48 want: 0.14.48
443 silly placeDep ROOT esbuild-windows-64@0.14.48 OK for: esbuild@0.14.48 want: 0.14.48
444 silly placeDep ROOT esbuild-windows-arm64@0.14.48 OK for: esbuild@0.14.48 want: 0.14.48
445 timing idealTree:node_modules/esbuild Completed in 69ms
446 timing idealTree:node_modules/esbuild-android-64 Completed in 0ms
447 timing idealTree:node_modules/esbuild-android-arm64 Completed in 0ms
448 timing idealTree:node_modules/esbuild-darwin-64 Completed in 0ms
449 timing idealTree:node_modules/esbuild-darwin-arm64 Completed in 0ms
450 timing idealTree:node_modules/esbuild-freebsd-64 Completed in 0ms
451 timing idealTree:node_modules/esbuild-freebsd-arm64 Completed in 0ms
452 timing idealTree:node_modules/esbuild-linux-32 Completed in 0ms
453 timing idealTree:node_modules/esbuild-linux-64 Completed in 0ms
454 timing idealTree:node_modules/esbuild-linux-arm Completed in 0ms
455 timing idealTree:node_modules/esbuild-linux-arm64 Completed in 0ms
456 timing idealTree:node_modules/esbuild-linux-mips64le Completed in 0ms
457 timing idealTree:node_modules/esbuild-linux-ppc64le Completed in 0ms
458 timing idealTree:node_modules/esbuild-linux-riscv64 Completed in 0ms
459 timing idealTree:node_modules/esbuild-linux-s390x Completed in 0ms
460 timing idealTree:node_modules/esbuild-netbsd-64 Completed in 0ms
461 timing idealTree:node_modules/esbuild-openbsd-64 Completed in 1ms
462 timing idealTree:node_modules/esbuild-sunos-64 Completed in 0ms
463 timing idealTree:node_modules/esbuild-windows-32 Completed in 0ms
464 timing idealTree:node_modules/esbuild-windows-64 Completed in 0ms
465 timing idealTree:node_modules/esbuild-windows-arm64 Completed in 1ms
466 timing idealTree:node_modules/rollup Completed in 0ms
467 timing idealTree:node_modules/xtend Completed in 0ms
468 timing idealTree:node_modules/yaml Completed in 0ms
469 timing idealTree:node_modules/chokidar/node_modules/glob-parent Completed in 1ms
470 timing idealTree:node_modules/fast-glob/node_modules/glob-parent Completed in 0ms
471 timing idealTree:buildDeps Completed in 73522ms
472 timing idealTree:fixDepFlags Completed in 7ms
473 timing idealTree Completed in 73595ms
474 timing reify:loadTrees Completed in 73598ms
475 timing reify:diffTrees Completed in 23ms
476 silly reify moves {}
477 timing reify:retireShallow Completed in 6ms
478 timing reify:createSparse Completed in 94ms
479 timing reify:loadBundles Completed in 0ms
480 silly audit bulk request {
480 silly audit   '@tailwindcss/forms': [ '0.5.2' ],
480 silly audit   tailwindcss: [ '3.1.4' ],
480 silly audit   alpinejs: [ '3.10.2' ],
480 silly audit   autoprefixer: [ '10.4.7' ],
480 silly audit   postcss: [ '8.4.14' ],
480 silly audit   axios: [ '0.25.0' ],
480 silly audit   'laravel-vite-plugin': [ '0.2.4' ],
480 silly audit   vite: [ '2.9.13' ],
480 silly audit   lodash: [ '4.17.21' ],
480 silly audit   'mini-svg-data-uri': [ '1.4.4' ],
480 silly audit   '@vue/reactivity': [ '3.1.5' ],
480 silly audit   '@vue/shared': [ '3.1.5' ],
480 silly audit   browserslist: [ '4.21.1' ],
480 silly audit   'caniuse-lite': [ '1.0.30001363' ],
480 silly audit   'fraction.js': [ '4.2.0' ],
480 silly audit   'normalize-range': [ '0.1.2' ],
480 silly audit   picocolors: [ '1.0.0' ],
480 silly audit   'postcss-value-parser': [ '4.2.0' ],
480 silly audit   'follow-redirects': [ '1.15.1' ],
480 silly audit   'electron-to-chromium': [ '1.4.180' ],
480 silly audit   'node-releases': [ '2.0.5' ],
480 silly audit   'update-browserslist-db': [ '1.0.4' ],
480 silly audit   nanoid: [ '3.3.4' ],
480 silly audit   'source-map-js': [ '1.0.2' ],
480 silly audit   arg: [ '5.0.2' ],
480 silly audit   chokidar: [ '3.5.3' ],
480 silly audit   'color-name': [ '1.1.4' ],
480 silly audit   detective: [ '5.2.1' ],
480 silly audit   didyoumean: [ '1.2.2' ],
480 silly audit   dlv: [ '1.1.3' ],
480 silly audit   'fast-glob': [ '3.2.11' ],
480 silly audit   'glob-parent': [ '6.0.2', '5.1.2' ],
480 silly audit   'is-glob': [ '4.0.3' ],
480 silly audit   lilconfig: [ '2.0.5' ],
480 silly audit   'normalize-path': [ '3.0.0' ],
480 silly audit   'object-hash': [ '3.0.0' ],
480 silly audit   'postcss-import': [ '14.1.0' ],
480 silly audit   'postcss-js': [ '4.0.0' ],
480 silly audit   'postcss-load-config': [ '3.1.4' ],
480 silly audit   'postcss-nested': [ '5.0.6' ],
480 silly audit   'postcss-selector-parser': [ '6.0.10' ],
480 silly audit   'quick-lru': [ '5.1.1' ],
480 silly audit   resolve: [ '1.22.1' ],
480 silly audit   anymatch: [ '3.1.2' ],
480 silly audit   braces: [ '3.0.2' ],
480 silly audit   fsevents: [ '2.3.2' ],
480 silly audit   'is-binary-path': [ '2.1.0' ],
480 silly audit   readdirp: [ '3.6.0' ],
480 silly audit   picomatch: [ '2.3.1' ],
480 silly audit   'fill-range': [ '7.0.1' ],
480 silly audit   'acorn-node': [ '1.8.2' ],
480 silly audit   defined: [ '1.0.0' ],
480 silly audit   minimist: [ '1.2.6' ],
480 silly audit   acorn: [ '7.4.1' ],
480 silly audit   'acorn-walk': [ '7.2.0' ],
480 silly audit   xtend: [ '4.0.2' ],
480 silly audit   '@nodelib/fs.stat': [ '2.0.5' ],
480 silly audit   '@nodelib/fs.walk': [ '1.2.8' ],
480 silly audit   merge2: [ '1.4.1' ],
480 silly audit   micromatch: [ '4.0.5' ],
480 silly audit   '@nodelib/fs.scandir': [ '2.1.5' ],
480 silly audit   fastq: [ '1.13.0' ],
480 silly audit   'run-parallel': [ '1.2.0' ],
480 silly audit   reusify: [ '1.0.4' ],
480 silly audit   'to-regex-range': [ '5.0.1' ],
480 silly audit   'binary-extensions': [ '2.2.0' ],
480 silly audit   'is-extglob': [ '2.1.1' ],
480 silly audit   'read-cache': [ '1.0.0' ],
480 silly audit   'camelcase-css': [ '2.0.1' ],
480 silly audit   yaml: [ '1.10.2' ],
480 silly audit   cssesc: [ '3.0.0' ],
480 silly audit   'util-deprecate': [ '1.0.2' ],
480 silly audit   pify: [ '2.3.0' ],
480 silly audit   'is-core-module': [ '2.9.0' ],
480 silly audit   'path-parse': [ '1.0.7' ],
480 silly audit   'supports-preserve-symlinks-flag': [ '1.0.0' ],
480 silly audit   has: [ '1.0.3' ],
480 silly audit   'function-bind': [ '1.1.1' ],
480 silly audit   'queue-microtask': [ '1.2.3' ],
480 silly audit   'is-number': [ '7.0.0' ],
480 silly audit   escalade: [ '3.1.1' ],
480 silly audit   esbuild: [ '0.14.48' ],
480 silly audit   rollup: [ '2.75.7' ],
480 silly audit   'esbuild-android-64': [ '0.14.48' ],
480 silly audit   'esbuild-android-arm64': [ '0.14.48' ],
480 silly audit   'esbuild-darwin-64': [ '0.14.48' ],
480 silly audit   'esbuild-darwin-arm64': [ '0.14.48' ],
480 silly audit   'esbuild-freebsd-64': [ '0.14.48' ],
480 silly audit   'esbuild-freebsd-arm64': [ '0.14.48' ],
480 silly audit   'esbuild-linux-32': [ '0.14.48' ],
480 silly audit   'esbuild-linux-64': [ '0.14.48' ],
480 silly audit   'esbuild-linux-arm': [ '0.14.48' ],
480 silly audit   'esbuild-linux-arm64': [ '0.14.48' ],
480 silly audit   'esbuild-linux-mips64le': [ '0.14.48' ],
480 silly audit   'esbuild-linux-ppc64le': [ '0.14.48' ],
480 silly audit   'esbuild-linux-riscv64': [ '0.14.48' ],
480 silly audit   'esbuild-linux-s390x': [ '0.14.48' ],
480 silly audit   'esbuild-netbsd-64': [ '0.14.48' ],
480 silly audit   'esbuild-openbsd-64': [ '0.14.48' ],
480 silly audit   'esbuild-sunos-64': [ '0.14.48' ],
480 silly audit   'esbuild-windows-32': [ '0.14.48' ],
480 silly audit   'esbuild-windows-64': [ '0.14.48' ],
480 silly audit   'esbuild-windows-arm64': [ '0.14.48' ]
480 silly audit }
481 verbose reify failed optional dependency /var/www/node_modules/esbuild-windows-arm64
482 silly reify mark deleted [ '/var/www/node_modules/esbuild-windows-arm64' ]
483 verbose reify failed optional dependency /var/www/node_modules/esbuild-windows-64
484 silly reify mark deleted [ '/var/www/node_modules/esbuild-windows-64' ]
485 verbose reify failed optional dependency /var/www/node_modules/esbuild-windows-32
486 silly reify mark deleted [ '/var/www/node_modules/esbuild-windows-32' ]
487 verbose reify failed optional dependency /var/www/node_modules/esbuild-sunos-64
488 silly reify mark deleted [ '/var/www/node_modules/esbuild-sunos-64' ]
489 verbose reify failed optional dependency /var/www/node_modules/esbuild-openbsd-64
490 silly reify mark deleted [ '/var/www/node_modules/esbuild-openbsd-64' ]
491 verbose reify failed optional dependency /var/www/node_modules/esbuild-netbsd-64
492 silly reify mark deleted [ '/var/www/node_modules/esbuild-netbsd-64' ]
493 verbose reify failed optional dependency /var/www/node_modules/esbuild-linux-s390x
494 silly reify mark deleted [ '/var/www/node_modules/esbuild-linux-s390x' ]
495 verbose reify failed optional dependency /var/www/node_modules/esbuild-linux-riscv64
496 silly reify mark deleted [ '/var/www/node_modules/esbuild-linux-riscv64' ]
497 verbose reify failed optional dependency /var/www/node_modules/esbuild-linux-ppc64le
498 silly reify mark deleted [ '/var/www/node_modules/esbuild-linux-ppc64le' ]
499 verbose reify failed optional dependency /var/www/node_modules/esbuild-linux-mips64le
500 silly reify mark deleted [ '/var/www/node_modules/esbuild-linux-mips64le' ]
501 verbose reify failed optional dependency /var/www/node_modules/esbuild-linux-arm64
502 silly reify mark deleted [ '/var/www/node_modules/esbuild-linux-arm64' ]
503 verbose reify failed optional dependency /var/www/node_modules/esbuild-linux-arm
504 silly reify mark deleted [ '/var/www/node_modules/esbuild-linux-arm' ]
505 verbose reify failed optional dependency /var/www/node_modules/esbuild-linux-32
506 silly reify mark deleted [ '/var/www/node_modules/esbuild-linux-32' ]
507 verbose reify failed optional dependency /var/www/node_modules/esbuild-freebsd-arm64
508 silly reify mark deleted [ '/var/www/node_modules/esbuild-freebsd-arm64' ]
509 verbose reify failed optional dependency /var/www/node_modules/esbuild-freebsd-64
510 silly reify mark deleted [ '/var/www/node_modules/esbuild-freebsd-64' ]
511 verbose reify failed optional dependency /var/www/node_modules/esbuild-darwin-arm64
512 silly reify mark deleted [ '/var/www/node_modules/esbuild-darwin-arm64' ]
513 verbose reify failed optional dependency /var/www/node_modules/esbuild-darwin-64
514 silly reify mark deleted [ '/var/www/node_modules/esbuild-darwin-64' ]
515 verbose reify failed optional dependency /var/www/node_modules/esbuild-android-arm64
516 silly reify mark deleted [ '/var/www/node_modules/esbuild-android-arm64' ]
517 verbose reify failed optional dependency /var/www/node_modules/esbuild-android-64
518 silly reify mark deleted [ '/var/www/node_modules/esbuild-android-64' ]
519 verbose reify failed optional dependency /var/www/node_modules/fsevents
520 silly reify mark deleted [ '/var/www/node_modules/fsevents' ]
521 timing reifyNode:node_modules/esbuild-windows-arm64 Completed in 150ms
522 timing reifyNode:node_modules/esbuild-windows-64 Completed in 150ms
523 timing reifyNode:node_modules/esbuild-windows-32 Completed in 149ms
524 timing reifyNode:node_modules/esbuild-sunos-64 Completed in 150ms
525 timing reifyNode:node_modules/esbuild-openbsd-64 Completed in 149ms
526 timing reifyNode:node_modules/esbuild-netbsd-64 Completed in 150ms
527 timing reifyNode:node_modules/esbuild-linux-s390x Completed in 151ms
528 timing reifyNode:node_modules/esbuild-linux-riscv64 Completed in 150ms
529 timing reifyNode:node_modules/esbuild-linux-ppc64le Completed in 151ms
530 timing reifyNode:node_modules/esbuild-linux-mips64le Completed in 150ms
531 timing reifyNode:node_modules/esbuild-linux-arm64 Completed in 151ms
532 timing reifyNode:node_modules/esbuild-linux-arm Completed in 152ms
533 timing reifyNode:node_modules/esbuild-linux-32 Completed in 151ms
534 timing reifyNode:node_modules/esbuild-freebsd-arm64 Completed in 152ms
535 timing reifyNode:node_modules/esbuild-freebsd-64 Completed in 151ms
536 timing reifyNode:node_modules/esbuild-darwin-arm64 Completed in 152ms
537 timing reifyNode:node_modules/esbuild-darwin-64 Completed in 152ms
538 timing reifyNode:node_modules/esbuild-android-arm64 Completed in 152ms
539 timing reifyNode:node_modules/esbuild-android-64 Completed in 153ms
540 timing reifyNode:node_modules/fsevents Completed in 138ms
541 silly tarball no local data for rollup@https://registry.npmjs.org/rollup/-/rollup-2.75.7.tgz. Extracting by manifest.
542 silly tarball no local data for esbuild@https://registry.npmjs.org/esbuild/-/esbuild-0.14.48.tgz. Extracting by manifest.
543 silly tarball no local data for esbuild-linux-64@https://registry.npmjs.org/esbuild-linux-64/-/esbuild-linux-64-0.14.48.tgz. Extracting by manifest.
544 silly tarball no local data for is-number@https://registry.npmjs.org/is-number/-/is-number-7.0.0.tgz. Extracting by manifest.
545 silly tarball no local data for queue-microtask@https://registry.npmjs.org/queue-microtask/-/queue-microtask-1.2.3.tgz. Extracting by manifest.
546 silly tarball no local data for escalade@https://registry.npmjs.org/escalade/-/escalade-3.1.1.tgz. Extracting by manifest.
547 silly tarball no local data for function-bind@https://registry.npmjs.org/function-bind/-/function-bind-1.1.1.tgz. Extracting by manifest.
548 silly tarball no local data for has@https://registry.npmjs.org/has/-/has-1.0.3.tgz. Extracting by manifest.
549 silly tarball no local data for supports-preserve-symlinks-flag@https://registry.npmjs.org/supports-preserve-symlinks-flag/-/supports-preserve-symlinks-flag-1.0.0.tgz. Extracting by manifest.
550 silly tarball no local data for path-parse@https://registry.npmjs.org/path-parse/-/path-parse-1.0.7.tgz. Extracting by manifest.
551 silly tarball no local data for is-core-module@https://registry.npmjs.org/is-core-module/-/is-core-module-2.9.0.tgz. Extracting by manifest.
552 silly tarball no local data for pify@https://registry.npmjs.org/pify/-/pify-2.3.0.tgz. Extracting by manifest.
553 silly tarball no local data for util-deprecate@https://registry.npmjs.org/util-deprecate/-/util-deprecate-1.0.2.tgz. Extracting by manifest.
554 silly tarball no local data for cssesc@https://registry.npmjs.org/cssesc/-/cssesc-3.0.0.tgz. Extracting by manifest.
555 silly tarball no local data for yaml@https://registry.npmjs.org/yaml/-/yaml-1.10.2.tgz. Extracting by manifest.
556 silly tarball no local data for camelcase-css@https://registry.npmjs.org/camelcase-css/-/camelcase-css-2.0.1.tgz. Extracting by manifest.
557 silly tarball no local data for read-cache@https://registry.npmjs.org/read-cache/-/read-cache-1.0.0.tgz. Extracting by manifest.
558 silly tarball no local data for binary-extensions@https://registry.npmjs.org/binary-extensions/-/binary-extensions-2.2.0.tgz. Extracting by manifest.
559 silly tarball no local data for to-regex-range@https://registry.npmjs.org/to-regex-range/-/to-regex-range-5.0.1.tgz. Extracting by manifest.
560 silly tarball no local data for is-extglob@https://registry.npmjs.org/is-extglob/-/is-extglob-2.1.1.tgz. Extracting by manifest.
561 silly tarball no local data for run-parallel@https://registry.npmjs.org/run-parallel/-/run-parallel-1.2.0.tgz. Extracting by manifest.
562 silly tarball no local data for reusify@https://registry.npmjs.org/reusify/-/reusify-1.0.4.tgz. Extracting by manifest.
563 silly tarball no local data for fastq@https://registry.npmjs.org/fastq/-/fastq-1.13.0.tgz. Extracting by manifest.
564 silly tarball no local data for micromatch@https://registry.npmjs.org/micromatch/-/micromatch-4.0.5.tgz. Extracting by manifest.
565 silly tarball no local data for @nodelib/fs.scandir@https://registry.npmjs.org/@nodelib/fs.scandir/-/fs.scandir-2.1.5.tgz. Extracting by manifest.
566 silly tarball no local data for merge2@https://registry.npmjs.org/merge2/-/merge2-1.4.1.tgz. Extracting by manifest.
567 silly tarball no local data for @nodelib/fs.walk@https://registry.npmjs.org/@nodelib/fs.walk/-/fs.walk-1.2.8.tgz. Extracting by manifest.
568 silly tarball no local data for xtend@https://registry.npmjs.org/xtend/-/xtend-4.0.2.tgz. Extracting by manifest.
569 silly tarball no local data for @nodelib/fs.stat@https://registry.npmjs.org/@nodelib/fs.stat/-/fs.stat-2.0.5.tgz. Extracting by manifest.
570 silly tarball no local data for acorn-walk@https://registry.npmjs.org/acorn-walk/-/acorn-walk-7.2.0.tgz. Extracting by manifest.
571 silly tarball no local data for acorn@https://registry.npmjs.org/acorn/-/acorn-7.4.1.tgz. Extracting by manifest.
572 silly tarball no local data for minimist@https://registry.npmjs.org/minimist/-/minimist-1.2.6.tgz. Extracting by manifest.
573 silly tarball no local data for defined@https://registry.npmjs.org/defined/-/defined-1.0.0.tgz. Extracting by manifest.
574 silly tarball no local data for acorn-node@https://registry.npmjs.org/acorn-node/-/acorn-node-1.8.2.tgz. Extracting by manifest.
575 silly tarball no local data for fill-range@https://registry.npmjs.org/fill-range/-/fill-range-7.0.1.tgz. Extracting by manifest.
576 silly tarball no local data for picomatch@https://registry.npmjs.org/picomatch/-/picomatch-2.3.1.tgz. Extracting by manifest.
577 silly tarball no local data for readdirp@https://registry.npmjs.org/readdirp/-/readdirp-3.6.0.tgz. Extracting by manifest.
578 silly tarball no local data for is-binary-path@https://registry.npmjs.org/is-binary-path/-/is-binary-path-2.1.0.tgz. Extracting by manifest.
579 silly tarball no local data for anymatch@https://registry.npmjs.org/anymatch/-/anymatch-3.1.2.tgz. Extracting by manifest.
580 silly tarball no local data for braces@https://registry.npmjs.org/braces/-/braces-3.0.2.tgz. Extracting by manifest.
581 silly tarball no local data for resolve@https://registry.npmjs.org/resolve/-/resolve-1.22.1.tgz. Extracting by manifest.
582 silly tarball no local data for quick-lru@https://registry.npmjs.org/quick-lru/-/quick-lru-5.1.1.tgz. Extracting by manifest.
583 silly tarball no local data for postcss-nested@https://registry.npmjs.org/postcss-nested/-/postcss-nested-5.0.6.tgz. Extracting by manifest.
584 silly tarball no local data for postcss-selector-parser@https://registry.npmjs.org/postcss-selector-parser/-/postcss-selector-parser-6.0.10.tgz. Extracting by manifest.
585 silly tarball no local data for postcss-load-config@https://registry.npmjs.org/postcss-load-config/-/postcss-load-config-3.1.4.tgz. Extracting by manifest.
586 silly tarball no local data for postcss-js@https://registry.npmjs.org/postcss-js/-/postcss-js-4.0.0.tgz. Extracting by manifest.
587 silly tarball no local data for object-hash@https://registry.npmjs.org/object-hash/-/object-hash-3.0.0.tgz. Extracting by manifest.
588 silly tarball no local data for normalize-path@https://registry.npmjs.org/normalize-path/-/normalize-path-3.0.0.tgz. Extracting by manifest.
589 silly tarball no local data for lilconfig@https://registry.npmjs.org/lilconfig/-/lilconfig-2.0.5.tgz. Extracting by manifest.
590 silly tarball no local data for is-glob@https://registry.npmjs.org/is-glob/-/is-glob-4.0.3.tgz. Extracting by manifest.
591 silly tarball no local data for glob-parent@https://registry.npmjs.org/glob-parent/-/glob-parent-6.0.2.tgz. Extracting by manifest.
592 silly tarball no local data for fast-glob@https://registry.npmjs.org/fast-glob/-/fast-glob-3.2.11.tgz. Extracting by manifest.
593 silly tarball no local data for dlv@https://registry.npmjs.org/dlv/-/dlv-1.1.3.tgz. Extracting by manifest.
594 silly tarball no local data for didyoumean@https://registry.npmjs.org/didyoumean/-/didyoumean-1.2.2.tgz. Extracting by manifest.
595 silly tarball no local data for detective@https://registry.npmjs.org/detective/-/detective-5.2.1.tgz. Extracting by manifest.
596 silly tarball no local data for color-name@https://registry.npmjs.org/color-name/-/color-name-1.1.4.tgz. Extracting by manifest.
597 silly tarball no local data for chokidar@https://registry.npmjs.org/chokidar/-/chokidar-3.5.3.tgz. Extracting by manifest.
598 silly tarball no local data for arg@https://registry.npmjs.org/arg/-/arg-5.0.2.tgz. Extracting by manifest.
599 silly tarball no local data for source-map-js@https://registry.npmjs.org/source-map-js/-/source-map-js-1.0.2.tgz. Extracting by manifest.
600 silly tarball no local data for nanoid@https://registry.npmjs.org/nanoid/-/nanoid-3.3.4.tgz. Extracting by manifest.
601 silly tarball no local data for update-browserslist-db@https://registry.npmjs.org/update-browserslist-db/-/update-browserslist-db-1.0.4.tgz. Extracting by manifest.
602 silly tarball no local data for node-releases@https://registry.npmjs.org/node-releases/-/node-releases-2.0.5.tgz. Extracting by manifest.
603 silly tarball no local data for electron-to-chromium@https://registry.npmjs.org/electron-to-chromium/-/electron-to-chromium-1.4.180.tgz. Extracting by manifest.
604 silly tarball no local data for follow-redirects@https://registry.npmjs.org/follow-redirects/-/follow-redirects-1.15.1.tgz. Extracting by manifest.
605 silly tarball no local data for postcss-value-parser@https://registry.npmjs.org/postcss-value-parser/-/postcss-value-parser-4.2.0.tgz. Extracting by manifest.
606 silly tarball no local data for picocolors@https://registry.npmjs.org/picocolors/-/picocolors-1.0.0.tgz. Extracting by manifest.
607 silly tarball no local data for normalize-range@https://registry.npmjs.org/normalize-range/-/normalize-range-0.1.2.tgz. Extracting by manifest.
608 silly tarball no local data for fraction.js@https://registry.npmjs.org/fraction.js/-/fraction.js-4.2.0.tgz. Extracting by manifest.
609 silly tarball no local data for caniuse-lite@https://registry.npmjs.org/caniuse-lite/-/caniuse-lite-1.0.30001363.tgz. Extracting by manifest.
610 silly tarball no local data for browserslist@https://registry.npmjs.org/browserslist/-/browserslist-4.21.1.tgz. Extracting by manifest.
611 silly tarball no local data for @vue/shared@https://registry.npmjs.org/@vue/shared/-/shared-3.1.5.tgz. Extracting by manifest.
612 silly tarball no local data for @vue/reactivity@https://registry.npmjs.org/@vue/reactivity/-/reactivity-3.1.5.tgz. Extracting by manifest.
613 silly tarball no local data for mini-svg-data-uri@https://registry.npmjs.org/mini-svg-data-uri/-/mini-svg-data-uri-1.4.4.tgz. Extracting by manifest.
614 silly tarball no local data for lodash@https://registry.npmjs.org/lodash/-/lodash-4.17.21.tgz. Extracting by manifest.
615 silly tarball no local data for vite@https://registry.npmjs.org/vite/-/vite-2.9.13.tgz. Extracting by manifest.
616 silly tarball no local data for laravel-vite-plugin@https://registry.npmjs.org/laravel-vite-plugin/-/laravel-vite-plugin-0.2.4.tgz. Extracting by manifest.
617 silly tarball no local data for axios@https://registry.npmjs.org/axios/-/axios-0.25.0.tgz. Extracting by manifest.
618 silly tarball no local data for postcss@https://registry.npmjs.org/postcss/-/postcss-8.4.14.tgz. Extracting by manifest.
619 silly tarball no local data for autoprefixer@https://registry.npmjs.org/autoprefixer/-/autoprefixer-10.4.7.tgz. Extracting by manifest.
620 silly tarball no local data for alpinejs@https://registry.npmjs.org/alpinejs/-/alpinejs-3.10.2.tgz. Extracting by manifest.
621 silly tarball no local data for tailwindcss@https://registry.npmjs.org/tailwindcss/-/tailwindcss-3.1.4.tgz. Extracting by manifest.
622 silly tarball no local data for @tailwindcss/forms@https://registry.npmjs.org/@tailwindcss/forms/-/forms-0.5.2.tgz. Extracting by manifest.
623 silly tarball no local data for glob-parent@https://registry.npmjs.org/glob-parent/-/glob-parent-5.1.2.tgz. Extracting by manifest.
624 silly tarball no local data for glob-parent@https://registry.npmjs.org/glob-parent/-/glob-parent-5.1.2.tgz. Extracting by manifest.
625 silly tarball no local data for postcss-import@https://registry.npmjs.org/postcss-import/-/postcss-import-14.1.0.tgz. Extracting by manifest.
626 http fetch POST 200 https://registry.npmjs.org/-/npm/v1/security/advisories/bulk 2666ms
627 timing auditReport:getReport Completed in 2683ms
628 silly audit report {}
629 timing auditReport:init Completed in 0ms
630 timing reify:audit Completed in 2687ms
631 http fetch GET 200 https://registry.npmjs.org/function-bind/-/function-bind-1.1.1.tgz 3367ms (cache miss)
632 timing reifyNode:node_modules/function-bind Completed in 3745ms
633 http fetch GET 200 https://registry.npmjs.org/camelcase-css/-/camelcase-css-2.0.1.tgz 3630ms (cache miss)
634 timing reifyNode:node_modules/camelcase-css Completed in 4244ms
635 http fetch GET 200 https://registry.npmjs.org/binary-extensions/-/binary-extensions-2.2.0.tgz 3679ms (cache miss)
636 timing reifyNode:node_modules/binary-extensions Completed in 4348ms
637 http fetch GET 200 https://registry.npmjs.org/read-cache/-/read-cache-1.0.0.tgz 3785ms (cache miss)
638 timing reifyNode:node_modules/read-cache Completed in 4418ms
639 http fetch GET 200 https://registry.npmjs.org/run-parallel/-/run-parallel-1.2.0.tgz 3776ms (cache miss)
640 timing reifyNode:node_modules/run-parallel Completed in 4506ms
641 http fetch GET 200 https://registry.npmjs.org/fastq/-/fastq-1.13.0.tgz 3746ms (cache miss)
642 http fetch GET 200 https://registry.npmjs.org/reusify/-/reusify-1.0.4.tgz 3801ms (cache miss)
643 timing reifyNode:node_modules/reusify Completed in 4573ms
644 http fetch GET 200 https://registry.npmjs.org/is-extglob/-/is-extglob-2.1.1.tgz 3932ms (cache miss)
645 timing reifyNode:node_modules/is-extglob Completed in 4641ms
646 timing reifyNode:node_modules/fastq Completed in 4706ms
647 http fetch GET 200 https://registry.npmjs.org/@nodelib/fs.scandir/-/fs.scandir-2.1.5.tgz 3908ms (cache miss)
648 http fetch GET 200 https://registry.npmjs.org/xtend/-/xtend-4.0.2.tgz 3875ms (cache miss)
649 timing reifyNode:node_modules/xtend Completed in 4781ms
650 http fetch GET 200 https://registry.npmjs.org/merge2/-/merge2-1.4.1.tgz 3972ms (cache miss)
651 timing reifyNode:node_modules/merge2 Completed in 4819ms
652 http fetch GET 200 https://registry.npmjs.org/to-regex-range/-/to-regex-range-5.0.1.tgz 4157ms (cache miss)
653 timing reifyNode:node_modules/to-regex-range Completed in 4844ms
654 http fetch GET 200 https://registry.npmjs.org/is-core-module/-/is-core-module-2.9.0.tgz 4461ms (cache miss)
655 timing reifyNode:node_modules/is-core-module Completed in 4926ms
656 timing reifyNode:node_modules/@nodelib/fs.scandir Completed in 5177ms
657 http fetch GET 200 https://registry.npmjs.org/is-binary-path/-/is-binary-path-2.1.0.tgz 4042ms (cache miss)
658 timing reifyNode:node_modules/is-binary-path Completed in 5229ms
659 http fetch GET 200 https://registry.npmjs.org/micromatch/-/micromatch-4.0.5.tgz 4448ms (cache miss)
660 timing reifyNode:node_modules/micromatch Completed in 5258ms
661 http fetch GET 200 https://registry.npmjs.org/fill-range/-/fill-range-7.0.1.tgz 4276ms (cache miss)
662 timing reifyNode:node_modules/fill-range Completed in 5301ms
663 http fetch GET 200 https://registry.npmjs.org/anymatch/-/anymatch-3.1.2.tgz 4091ms (cache miss)
664 timing reifyNode:node_modules/anymatch Completed in 5346ms
665 http fetch GET 200 https://registry.npmjs.org/esbuild/-/esbuild-0.14.48.tgz 5169ms (cache miss)
666 timing reifyNode:node_modules/esbuild Completed in 5459ms
667 http fetch GET 200 https://registry.npmjs.org/postcss-nested/-/postcss-nested-5.0.6.tgz 4195ms (cache miss)
668 timing reifyNode:node_modules/postcss-nested Completed in 5532ms
669 http fetch GET 200 https://registry.npmjs.org/defined/-/defined-1.0.0.tgz 4622ms (cache miss)
670 timing reifyNode:node_modules/defined Completed in 5619ms
671 http fetch GET 200 https://registry.npmjs.org/readdirp/-/readdirp-3.6.0.tgz 4523ms (cache miss)
672 timing reifyNode:node_modules/readdirp Completed in 5630ms
673 http fetch GET 200 https://registry.npmjs.org/postcss-load-config/-/postcss-load-config-3.1.4.tgz 4364ms (cache miss)
674 timing reifyNode:node_modules/postcss-load-config Completed in 5741ms
675 http fetch GET 200 https://registry.npmjs.org/quick-lru/-/quick-lru-5.1.1.tgz 4468ms (cache miss)
676 timing reifyNode:node_modules/quick-lru Completed in 5786ms
677 http fetch GET 200 https://registry.npmjs.org/postcss-js/-/postcss-js-4.0.0.tgz 4435ms (cache miss)
678 timing reifyNode:node_modules/postcss-js Completed in 5850ms
679 http fetch GET 200 https://registry.npmjs.org/@nodelib/fs.stat/-/fs.stat-2.0.5.tgz 5024ms (cache miss)
680 timing reifyNode:node_modules/@nodelib/fs.stat Completed in 5945ms
681 http fetch GET 200 https://registry.npmjs.org/acorn-walk/-/acorn-walk-7.2.0.tgz 5128ms (cache miss)
682 timing reifyNode:node_modules/acorn-walk Completed in 6065ms
683 http fetch GET 200 https://registry.npmjs.org/is-glob/-/is-glob-4.0.3.tgz 4561ms (cache miss)
684 timing reifyNode:node_modules/is-glob Completed in 6092ms
685 http fetch GET 200 https://registry.npmjs.org/braces/-/braces-3.0.2.tgz 4835ms (cache miss)
686 timing reifyNode:node_modules/braces Completed in 6115ms
687 http fetch GET 200 https://registry.npmjs.org/@nodelib/fs.walk/-/fs.walk-1.2.8.tgz 5371ms (cache miss)
688 timing reifyNode:node_modules/@nodelib/fs.walk Completed in 6264ms
689 http fetch GET 200 https://registry.npmjs.org/picomatch/-/picomatch-2.3.1.tgz 5277ms (cache miss)
690 timing reifyNode:node_modules/picomatch Completed in 6339ms
691 http fetch GET 200 https://registry.npmjs.org/normalize-path/-/normalize-path-3.0.0.tgz 4883ms (cache miss)
692 timing reifyNode:node_modules/normalize-path Completed in 6371ms
693 http fetch GET 200 https://registry.npmjs.org/escalade/-/escalade-3.1.1.tgz 6182ms (cache miss)
694 timing reifyNode:node_modules/escalade Completed in 6548ms
695 http fetch GET 200 https://registry.npmjs.org/rollup/-/rollup-2.75.7.tgz 6361ms (cache miss)
696 timing reifyNode:node_modules/rollup Completed in 6631ms
697 http fetch GET 200 https://registry.npmjs.org/glob-parent/-/glob-parent-6.0.2.tgz 5105ms (cache miss)
698 timing reifyNode:node_modules/glob-parent Completed in 6653ms
699 http fetch GET 200 https://registry.npmjs.org/node-releases/-/node-releases-2.0.5.tgz 4880ms (cache miss)
700 timing reifyNode:node_modules/node-releases Completed in 6681ms
701 http fetch GET 200 https://registry.npmjs.org/nanoid/-/nanoid-3.3.4.tgz 5200ms (cache miss)
702 http fetch GET 200 https://registry.npmjs.org/supports-preserve-symlinks-flag/-/supports-preserve-symlinks-flag-1.0.0.tgz 6666ms (cache miss)
703 timing reifyNode:node_modules/supports-preserve-symlinks-flag Completed in 7089ms
704 http fetch GET 200 https://registry.npmjs.org/lilconfig/-/lilconfig-2.0.5.tgz 5594ms (cache miss)
705 timing reifyNode:node_modules/lilconfig Completed in 7103ms
706 http fetch GET 200 https://registry.npmjs.org/detective/-/detective-5.2.1.tgz 5493ms (cache miss)
707 http fetch GET 200 https://registry.npmjs.org/color-name/-/color-name-1.1.4.tgz 5587ms (cache miss)
708 timing reifyNode:node_modules/color-name Completed in 7237ms
709 http fetch GET 200 https://registry.npmjs.org/minimist/-/minimist-1.2.6.tgz 6283ms (cache miss)
710 timing reifyNode:node_modules/minimist Completed in 7267ms
711 http fetch GET 200 https://registry.npmjs.org/picocolors/-/picocolors-1.0.0.tgz 5402ms (cache miss)
712 timing reifyNode:node_modules/picocolors Completed in 7293ms
713 http fetch GET 200 https://registry.npmjs.org/object-hash/-/object-hash-3.0.0.tgz 5947ms (cache miss)
714 timing reifyNode:node_modules/object-hash Completed in 7383ms
715 http fetch GET 200 https://registry.npmjs.org/didyoumean/-/didyoumean-1.2.2.tgz 5806ms (cache miss)
716 timing reifyNode:node_modules/didyoumean Completed in 7405ms
717 http fetch GET 200 https://registry.npmjs.org/dlv/-/dlv-1.1.3.tgz 5887ms (cache miss)
718 timing reifyNode:node_modules/dlv Completed in 7470ms
719 http fetch GET 200 https://registry.npmjs.org/arg/-/arg-5.0.2.tgz 5778ms (cache miss)
720 timing reifyNode:node_modules/arg Completed in 7487ms
721 http fetch GET 200 https://registry.npmjs.org/update-browserslist-db/-/update-browserslist-db-1.0.4.tgz 5755ms (cache miss)
722 timing reifyNode:node_modules/update-browserslist-db Completed in 7533ms
723 http fetch GET 200 https://registry.npmjs.org/browserslist/-/browserslist-4.21.1.tgz 5633ms (cache miss)
724 http fetch GET 200 https://registry.npmjs.org/normalize-range/-/normalize-range-0.1.2.tgz 5706ms (cache miss)
725 timing reifyNode:node_modules/normalize-range Completed in 7625ms
726 timing reifyNode:node_modules/browserslist Completed in 7696ms
727 http fetch GET 200 https://registry.npmjs.org/follow-redirects/-/follow-redirects-1.15.1.tgz 5898ms (cache miss)
728 timing reifyNode:node_modules/follow-redirects Completed in 7748ms
729 timing reifyNode:node_modules/nanoid Completed in 7834ms
730 http fetch GET 200 https://registry.npmjs.org/fraction.js/-/fraction.js-4.2.0.tgz 5927ms (cache miss)
731 timing reifyNode:node_modules/fraction.js Completed in 7862ms
732 http fetch GET 200 https://registry.npmjs.org/chokidar/-/chokidar-3.5.3.tgz 6277ms (cache miss)
733 timing reifyNode:node_modules/chokidar Completed in 7962ms
734 http fetch GET 200 https://registry.npmjs.org/mini-svg-data-uri/-/mini-svg-data-uri-1.4.4.tgz 5978ms (cache miss)
735 timing reifyNode:node_modules/mini-svg-data-uri Completed in 8002ms
736 http fetch GET 200 https://registry.npmjs.org/acorn-node/-/acorn-node-1.8.2.tgz 7075ms (cache miss)
737 timing reifyNode:node_modules/acorn-node Completed in 8087ms
738 http fetch GET 200 https://registry.npmjs.org/postcss-value-parser/-/postcss-value-parser-4.2.0.tgz 6273ms (cache miss)
739 timing reifyNode:node_modules/postcss-value-parser Completed in 8145ms
740 http fetch GET 200 https://registry.npmjs.org/path-parse/-/path-parse-1.0.7.tgz 7862ms (cache miss)
741 timing reifyNode:node_modules/path-parse Completed in 8308ms
742 http fetch GET 200 https://registry.npmjs.org/electron-to-chromium/-/electron-to-chromium-1.4.180.tgz 6516ms (cache miss)
743 timing reifyNode:node_modules/electron-to-chromium Completed in 8344ms
744 timing reifyNode:node_modules/detective Completed in 8384ms
745 http fetch GET 200 https://registry.npmjs.org/source-map-js/-/source-map-js-1.0.2.tgz 6745ms (cache miss)
746 timing reifyNode:node_modules/source-map-js Completed in 8480ms
747 http fetch GET 200 https://registry.npmjs.org/util-deprecate/-/util-deprecate-1.0.2.tgz 8026ms (cache miss)
748 timing reifyNode:node_modules/util-deprecate Completed in 8574ms
749 http fetch GET 200 https://registry.npmjs.org/@vue/reactivity/-/reactivity-3.1.5.tgz 6579ms (cache miss)
750 timing reifyNode:node_modules/@vue/reactivity Completed in 8587ms
751 http fetch GET 200 https://registry.npmjs.org/postcss-selector-parser/-/postcss-selector-parser-6.0.10.tgz 7301ms (cache miss)
752 timing reifyNode:node_modules/postcss-selector-parser Completed in 8659ms
753 http fetch GET 200 https://registry.npmjs.org/@vue/shared/-/shared-3.1.5.tgz 6699ms (cache miss)
754 timing reifyNode:node_modules/@vue/shared Completed in 8679ms
755 http fetch GET 200 https://registry.npmjs.org/glob-parent/-/glob-parent-5.1.2.tgz 6565ms (cache miss)
756 timing reifyNode:node_modules/fast-glob/node_modules/glob-parent Completed in 8796ms
757 http fetch GET 200 https://registry.npmjs.org/laravel-vite-plugin/-/laravel-vite-plugin-0.2.4.tgz 6720ms (cache miss)
758 timing reifyNode:node_modules/laravel-vite-plugin Completed in 8823ms
759 http fetch GET 200 https://registry.npmjs.org/acorn/-/acorn-7.4.1.tgz 7974ms (cache miss)
760 timing reifyNode:node_modules/acorn Completed in 8926ms
761 http fetch GET 200 https://registry.npmjs.org/postcss-import/-/postcss-import-14.1.0.tgz 6642ms (cache miss)
762 timing reifyNode:node_modules/postcss-import Completed in 8943ms
763 http fetch GET 200 https://registry.npmjs.org/fast-glob/-/fast-glob-3.2.11.tgz 7410ms (cache miss)
764 timing reifyNode:node_modules/fast-glob Completed in 8976ms
765 http fetch GET 200 https://registry.npmjs.org/glob-parent/-/glob-parent-5.1.2.tgz 6758ms (cache miss)
766 timing reifyNode:node_modules/chokidar/node_modules/glob-parent Completed in 9001ms
767 http fetch GET 200 https://registry.npmjs.org/queue-microtask/-/queue-microtask-1.2.3.tgz 9302ms (cache miss)
768 timing reifyNode:node_modules/queue-microtask Completed in 9653ms
769 http fetch GET 200 https://registry.npmjs.org/autoprefixer/-/autoprefixer-10.4.7.tgz 7602ms (cache miss)
770 timing reifyNode:node_modules/autoprefixer Completed in 9750ms
771 http fetch GET 200 https://registry.npmjs.org/@tailwindcss/forms/-/forms-0.5.2.tgz 7571ms (cache miss)
772 timing reifyNode:node_modules/@tailwindcss/forms Completed in 9776ms
773 http fetch GET 200 https://registry.npmjs.org/postcss/-/postcss-8.4.14.tgz 7696ms (cache miss)
774 timing reifyNode:node_modules/postcss Completed in 9862ms
775 http fetch GET 200 https://registry.npmjs.org/cssesc/-/cssesc-3.0.0.tgz 9641ms (cache miss)
776 timing reifyNode:node_modules/cssesc Completed in 10211ms
777 http fetch GET 200 https://registry.npmjs.org/pify/-/pify-2.3.0.tgz 9775ms (cache miss)
778 timing reifyNode:node_modules/pify Completed in 10259ms
779 http fetch GET 200 https://registry.npmjs.org/has/-/has-1.0.3.tgz 9944ms (cache miss)
780 timing reifyNode:node_modules/has Completed in 10332ms
781 http fetch GET 200 https://registry.npmjs.org/is-number/-/is-number-7.0.0.tgz 10039ms (cache miss)
782 timing reifyNode:node_modules/is-number Completed in 10379ms
783 http fetch GET 200 https://registry.npmjs.org/resolve/-/resolve-1.22.1.tgz 9244ms (cache miss)
784 timing reifyNode:node_modules/resolve Completed in 10545ms
785 http fetch GET 200 https://registry.npmjs.org/axios/-/axios-0.25.0.tgz 8920ms (cache miss)
786 timing reifyNode:node_modules/axios Completed in 11037ms
787 http fetch GET 200 https://registry.npmjs.org/vite/-/vite-2.9.13.tgz 9492ms (cache miss)
788 timing reifyNode:node_modules/vite Completed in 11553ms
789 http fetch GET 200 https://registry.npmjs.org/alpinejs/-/alpinejs-3.10.2.tgz 9433ms (cache miss)
790 timing reifyNode:node_modules/alpinejs Completed in 11596ms
791 http fetch GET 200 https://registry.npmjs.org/tailwindcss/-/tailwindcss-3.1.4.tgz 10144ms (cache miss)
792 timing reifyNode:node_modules/tailwindcss Completed in 12348ms
793 http fetch GET 200 https://registry.npmjs.org/esbuild-linux-64/-/esbuild-linux-64-0.14.48.tgz 12682ms (cache miss)
794 timing reifyNode:node_modules/esbuild-linux-64 Completed in 12995ms
795 http fetch GET 200 https://registry.npmjs.org/caniuse-lite/-/caniuse-lite-1.0.30001363.tgz 11308ms (cache miss)
796 timing reifyNode:node_modules/caniuse-lite Completed in 13259ms
797 http fetch GET 200 https://registry.npmjs.org/lodash/-/lodash-4.17.21.tgz 11358ms (cache miss)
798 timing reifyNode:node_modules/lodash Completed in 13400ms
799 http fetch GET 200 https://registry.npmjs.org/yaml/-/yaml-1.10.2.tgz 43802ms (cache miss)
800 timing reifyNode:node_modules/yaml Completed in 44392ms
801 timing reify:unpack Completed in 44405ms
802 timing reify:unretire Completed in 1ms
803 timing build:queue Completed in 46ms
804 timing build:link:node_modules/acorn Completed in 97ms
805 timing build:link:node_modules/autoprefixer Completed in 97ms
806 timing build:link:node_modules/esbuild Completed in 90ms
807 timing build:link:node_modules/mini-svg-data-uri Completed in 102ms
808 timing build:link:node_modules/cssesc Completed in 104ms
809 timing build:link:node_modules/nanoid Completed in 103ms
810 timing build:link:node_modules/browserslist Completed in 105ms
811 timing build:link:node_modules/detective Completed in 104ms
812 timing build:link:node_modules/resolve Completed in 102ms
813 timing build:link:node_modules/rollup Completed in 103ms
814 timing build:link:node_modules/tailwindcss Completed in 102ms
815 timing build:link:node_modules/update-browserslist-db Completed in 101ms
816 timing build:link:node_modules/vite Completed in 100ms
817 timing build:link Completed in 116ms
818 info run esbuild@0.14.48 postinstall node_modules/esbuild node install.js
819 info run esbuild@0.14.48 postinstall { code: 0, signal: null }
820 timing build:run:postinstall:node_modules/esbuild Completed in 306ms
821 timing build:run:postinstall Completed in 308ms
822 timing build:deps Completed in 472ms
823 timing build Completed in 473ms
824 timing reify:build Completed in 475ms
825 timing reify:trash Completed in 27ms
826 timing reify:save Completed in 118ms
827 timing reify Completed in 118960ms
828 silly ADD
829 silly ADD
830 silly ADD
831 silly ADD
832 silly ADD
833 silly ADD
834 silly ADD
835 silly ADD
836 silly ADD
837 silly ADD
838 silly ADD
839 silly ADD
840 silly ADD node_modules/esbuild-linux-64
841 silly ADD
842 silly ADD
843 silly ADD
844 silly ADD
845 silly ADD
846 silly ADD
847 silly ADD
848 silly ADD node_modules/rollup
849 silly ADD node_modules/esbuild
850 silly ADD node_modules/escalade
851 silly ADD node_modules/is-number
852 silly ADD node_modules/queue-microtask
853 silly ADD node_modules/function-bind
854 silly ADD node_modules/has
855 silly ADD node_modules/supports-preserve-symlinks-flag
856 silly ADD node_modules/path-parse
857 silly ADD node_modules/is-core-module
858 silly ADD node_modules/pify
859 silly ADD node_modules/util-deprecate
860 silly ADD node_modules/cssesc
861 silly ADD node_modules/yaml
862 silly ADD node_modules/camelcase-css
863 silly ADD node_modules/read-cache
864 silly ADD node_modules/is-extglob
865 silly ADD node_modules/binary-extensions
866 silly ADD node_modules/to-regex-range
867 silly ADD node_modules/reusify
868 silly ADD node_modules/run-parallel
869 silly ADD node_modules/fastq
870 silly ADD node_modules/@nodelib/fs.scandir
871 silly ADD node_modules/micromatch
872 silly ADD node_modules/merge2
873 silly ADD node_modules/@nodelib/fs.walk
874 silly ADD node_modules/@nodelib/fs.stat
875 silly ADD node_modules/xtend
876 silly ADD node_modules/acorn-walk
877 silly ADD node_modules/acorn
878 silly ADD node_modules/minimist
879 silly ADD node_modules/defined
880 silly ADD node_modules/acorn-node
881 silly ADD node_modules/fill-range
882 silly ADD node_modules/picomatch
883 silly ADD node_modules/readdirp
884 silly ADD node_modules/is-binary-path
885 silly ADD
886 silly ADD node_modules/braces
887 silly ADD node_modules/anymatch
888 silly ADD node_modules/resolve
889 silly ADD node_modules/quick-lru
890 silly ADD node_modules/postcss-selector-parser
891 silly ADD node_modules/postcss-nested
892 silly ADD node_modules/postcss-load-config
893 silly ADD node_modules/postcss-js
894 silly ADD node_modules/postcss-import
895 silly ADD node_modules/object-hash
896 silly ADD node_modules/normalize-path
897 silly ADD node_modules/lilconfig
898 silly ADD node_modules/is-glob
899 silly ADD node_modules/glob-parent
900 silly ADD node_modules/fast-glob
901 silly ADD node_modules/fast-glob/node_modules/glob-parent
902 silly ADD node_modules/dlv
903 silly ADD node_modules/didyoumean
904 silly ADD node_modules/detective
905 silly ADD node_modules/color-name
906 silly ADD node_modules/chokidar
907 silly ADD node_modules/chokidar/node_modules/glob-parent
908 silly ADD node_modules/arg
909 silly ADD node_modules/source-map-js
910 silly ADD node_modules/nanoid
911 silly ADD node_modules/update-browserslist-db
912 silly ADD node_modules/node-releases
913 silly ADD node_modules/electron-to-chromium
914 silly ADD node_modules/follow-redirects
915 silly ADD node_modules/postcss-value-parser
916 silly ADD node_modules/picocolors
917 silly ADD node_modules/normalize-range
918 silly ADD node_modules/fraction.js
919 silly ADD node_modules/caniuse-lite
920 silly ADD node_modules/browserslist
921 silly ADD node_modules/@vue/shared
922 silly ADD node_modules/@vue/reactivity
923 silly ADD node_modules/mini-svg-data-uri
924 silly ADD node_modules/lodash
925 silly ADD node_modules/vite
926 silly ADD node_modules/laravel-vite-plugin
927 silly ADD node_modules/axios
928 silly ADD node_modules/postcss
929 silly ADD node_modules/autoprefixer
930 silly ADD node_modules/alpinejs
931 silly ADD node_modules/tailwindcss
932 silly ADD node_modules/@tailwindcss/forms
933 timing command:install Completed in 118998ms
934 notice
934 notice New [33mminor[39m version of npm available! [31m8.5.5[39m -> [32m8.13.2[39m
934 notice Changelog: [36mhttps://github.com/npm/cli/releases/tag/v8.13.2[39m
934 notice Run [32mnpm install -g npm@8.13.2[39m to update!
934 notice
935 verbose exit 0
936 timing npm Completed in 119801ms
937 info ok
